C51 COMPILER V9.00   DISPLAY                                                               07/17/2017 12:19:15 PAGE 1   


C51 COMPILER V9.00, COMPILATION OF MODULE DISPLAY
OBJECT MODULE PLACED IN display.OBJ
COMPILER INVOKED BY: D:\ProgramFiles\KEIL4\C51\BIN\C51.EXE display.c BROWSE DEBUG OBJECTEXTEND

line level    source

   1          /**********************718创新实验室开发板例程*********************
   2          *  编写：718创新实验室  ――jcp
   3          *  平台：stc15K60s2
   4          *  说明：由于作者的水平有限，若有不足之处，还请大家谅解。
   5          *                建议大家多看看数据手册。
   6          *                有问题，请联系我QQ517776106     by 718 jcp       
   7          ******************************************************************/
   8          
   9          #include "display.h"
  10          
  11          /*************************功能说明******************************
  12          程序中8位数码管动态显示数字
  13          ****************************************************************/
  14          
  15          
  16          
  17          unsigned char code tableduan[]={
  18          // 0    1    2    3    4    5    6    7    8    9    A    B    C    D    E    F
  19                  0x3F,0x06,0x5B,0x4F,0x66,0x6D,0x7D,0x07,0x7F,0x6F,0x77,0x7C,0x39,0x5E,0x79,0x71   // 段码
  20          };
  21          unsigned char code tablewei[]={
  22                  //1    2    3    4    5    6   7    8  
  23                  0xfe,0xfd,0xfb,0xf7,0xef,0xdf,0xbf,0x7f                                           //位码
  24          };
  25          /**************** 向HC595发送一个字节函数 ******************/
  26          void Send_595(unsigned char dat)
  27          {               
  28   1              unsigned char   i;
  29   1              P_HC595_OE = 0;           //hc595输出使能
  30   1              for(i=0; i<8; i++)
  31   1              {
  32   2                      if(dat & 0x80)
  33   2                      {
  34   3                              P_HC595_SER   = 1;
  35   3                      }
  36   2                      else
  37   2                      {
  38   3                              P_HC595_SER   = 0;
  39   3                      }               
  40   2                      P_HC595_SRCLK = 1;
  41   2                      P_HC595_SRCLK = 0;
  42   2                      dat <<= 1;
  43   2                      
  44   2              }
  45   1      }
  46          /************************* 显示函数 ***************************/
  47          /*
  48          函数名：  void DisplayNum()
  49          作用：    数码管单位显示
  50          参数：    num   ――显示的数字 0~9,  
  51                            place ――显示的位置  0对应最高位
  52          返回：    void
  53          说明：    需要配合595程序使用
  54          
  55          */
C51 COMPILER V9.00   DISPLAY                                                               07/17/2017 12:19:15 PAGE 2   

  56          void DisplayNum(unsigned char num,unsigned char place)
  57          {       
  58   1              Send_595(tablewei[place]);                  //输出位码 
  59   1              Send_595(tableduan[num]);               //输出段码
  60   1      
  61   1              P_HC595_RCLK = 1;
  62   1              P_HC595_RCLK = 0;                                                       //锁存输出数据
  63   1      }
  64          
  65          void DisplayTime(char HH,char MM,char SS)
  66          {
  67   1              DisplayNum(HH/10,0);
  68   1              DisplayNum(HH%10,1);
  69   1              DisplayNum(MM/10,3);
  70   1              DisplayNum(MM%10,4);
  71   1              DisplayNum(SS/10,6);
  72   1              DisplayNum(SS%10,7);
  73   1      }
  74          /************************ m^n函数 *****************************/
  75          /*
  76          函数名：  unsigned  long int  mypow
  77          作用：    求m的n次方
  78          参数：    m   n  
  79          返回：    m的n次方
  80          说明：    
  81          */
  82          unsigned  long int  mypow(unsigned char m,unsigned char n)
  83          {
  84   1              unsigned long int result=1;      
  85   1              while(n--)result*=m;    
  86   1              return result;
  87   1      }
  88          /***************************延时函数****************************/
  89          
  90          void Delay1ms()         //@11.0592MHz
  91          {
  92   1              unsigned char i, j;
  93   1              i = 11;
  94   1              j = 190;
  95   1              do
  96   1              {
  97   2                      while (--j);
  98   2              } while (--i);
  99   1      }
 100          /************************* 显示函数 ***************************/
 101          /*
 102          函数名：  void DisplayNums()
 103          作用：    数码管多位显示
 104          参数：    nums   ――显示的数字  
 105          返回：    void
 106          说明：    需要配合595程序和延时函数和mypow函数使用
 107          */
 108                  
 109          void DisplayNums(unsigned  long int nums)
 110          {
 111   1              unsigned char t=0;
 112   1              unsigned char temp;
 113   1              for(t=0;t<8;t++)
 114   1              {               
 115   2                      Send_595(tablewei[t]);                  //输出位码 
 116   2                      temp=(nums/mypow(10,8-t-1))%10;     //求出次位要显示的数
 117   2                      Send_595(tableduan[temp]);              //输出段码
C51 COMPILER V9.00   DISPLAY                                                               07/17/2017 12:19:15 PAGE 3   

 118   2      
 119   2                      P_HC595_RCLK = 1;
 120   2                      P_HC595_RCLK = 0;                                                       //锁存输出数据
 121   2      
 122   2                      Delay1ms();     
 123   2              }
 124   1      }


MODULE INFORMATION:   STATIC OVERLAYABLE
   CODE SIZE        =    290    ----
   CONSTANT SIZE    =     24    ----
   XDATA SIZE       =   ----    ----
   PDATA SIZE       =   ----    ----
   DATA SIZE        =   ----      11
   IDATA SIZE       =   ----    ----
   BIT SIZE         =   ----    ----
END OF MODULE INFORMATION.


C51 COMPILATION COMPLETE.  0 WARNING(S),  0 ERROR(S)
