C51 COMPILER V9.00   KEY                                                                   07/17/2017 12:19:15 PAGE 1   


C51 COMPILER V9.00, COMPILATION OF MODULE KEY
OBJECT MODULE PLACED IN key.OBJ
COMPILER INVOKED BY: D:\ProgramFiles\KEIL4\C51\BIN\C51.EXE key.c BROWSE DEBUG OBJECTEXTEND

line level    source

   1          #include "key.h"
   2          
   3          void Delay_Time(char k)         //@11.0592MHz
   4          {
   5   1              unsigned char i;
   6   1              i = 25;
   7   1              while (--i);
   8   1      }
*** WARNING C280 IN LINE 3 OF KEY.C: 'k': unreferenced local variable
   9          
  10          char Get_Key()
  11            {
  12   1            char key=0;
  13   1         unsigned temp;
  14   1          P2=0xfe;
  15   1          temp=P2;
  16   1          temp=temp&0xf0;
  17   1          if(temp!=0xf0)
  18   1          {
  19   2            Delay_Time(10);
  20   2            if(temp!=0xf0)
  21   2            {
  22   3              temp=P2;
  23   3              switch(temp)
  24   3              {
  25   4                case 0xee:
  26   4                     key=0;
  27   4                     break;
  28   4      
  29   4                case 0xde:
  30   4                     key=1;
  31   4                     break;
  32   4      
  33   4                case 0xbe:
  34   4                     key=2;
  35   4                     break;
  36   4      
  37   4                case 0x7e:
  38   4                     key=3;
  39   4                     break;
  40   4               }
  41   3            }
  42   2          }
  43   1      
  44   1      
  45   1      
  46   1      
  47   1      
  48   1          P2=0xfd;
  49   1          temp=P2;
  50   1          temp=temp&0xf0;
  51   1          if(temp!=0xf0)
  52   1          {
  53   2            Delay_Time(10);
  54   2            if(temp!=0xf0)
C51 COMPILER V9.00   KEY                                                                   07/17/2017 12:19:15 PAGE 2   

  55   2            {
  56   3              temp=P2;
  57   3              switch(temp)
  58   3              {
  59   4                case 0xed:
  60   4                     key=4;
  61   4                     break;
  62   4      
  63   4                case 0xdd:
  64   4                     key=5;
  65   4                     break;
  66   4      
  67   4                case 0xbd:
  68   4                     key=6;
  69   4                     break;
  70   4      
  71   4                case 0x7d:
  72   4                     key=7;
  73   4                     break;
  74   4               }
  75   3            }
  76   2         }
  77   1      
  78   1      
  79   1      
  80   1      
  81   1      
  82   1      
  83   1          P2=0xfb;
  84   1          temp=P2;
  85   1          temp=temp&0xf0;
  86   1          if(temp!=0xf0)
  87   1          {
  88   2            Delay_Time(10);
  89   2            if(temp!=0xf0)
  90   2            {
  91   3              temp=P2;
  92   3              switch(temp)
  93   3              {
  94   4                case 0xeb:
  95   4                     key=8;
  96   4                     break;
  97   4      
  98   4                case 0xdb:
  99   4                     key=9;
 100   4                     break;
 101   4      
 102   4                case 0xbb:
 103   4                     key=10;
 104   4                     break;
 105   4      
 106   4                case 0x7b:
 107   4                     key=11;
 108   4                     break;
 109   4               }
 110   3            }
 111   2         }
 112   1      
 113   1      
 114   1      
 115   1      
 116   1      
C51 COMPILER V9.00   KEY                                                                   07/17/2017 12:19:15 PAGE 3   

 117   1      
 118   1      
 119   1      
 120   1          P2=0xf7;
 121   1          temp=P2;
 122   1          temp=temp&0xf0;
 123   1          if(temp!=0xf0)
 124   1          {
 125   2            Delay_Time(10);
 126   2            if(temp!=0xf0)
 127   2            {
 128   3              temp=P2;
 129   3              switch(temp)
 130   3              {
 131   4                case 0xe7:
 132   4                     key=12;
 133   4                     break;
 134   4      
 135   4                case 0xd7:
 136   4                     key=13;
 137   4                     break;
 138   4      
 139   4                case 0xb7:
 140   4                     key=14;
 141   4                     break;
 142   4      
 143   4                case 0x77:
 144   4                     key=15;
 145   4                     break;
 146   4               }
 147   3            }
 148   2          }
 149   1          return key;
 150   1        }


MODULE INFORMATION:   STATIC OVERLAYABLE
   CODE SIZE        =    347    ----
   CONSTANT SIZE    =   ----    ----
   XDATA SIZE       =   ----    ----
   PDATA SIZE       =   ----    ----
   DATA SIZE        =   ----       4
   IDATA SIZE       =   ----    ----
   BIT SIZE         =   ----    ----
END OF MODULE INFORMATION.


C51 COMPILATION COMPLETE.  1 WARNING(S),  0 ERROR(S)
